0 info it worked if it ends with ok
1 verbose cli [ 'C:\\Program Files\\nodejs\\node.exe',
1 verbose cli   'C:\\Program Files\\nodejs\\node_modules\\npm\\bin\\npm-cli.js',
1 verbose cli   'run',
1 verbose cli   'it' ]
2 info using npm@3.10.10
3 info using node@v6.10.2
4 verbose run-script [ 'preit', 'it', 'postit' ]
5 info lifecycle reactjs@1.0.0~preit: reactjs@1.0.0
6 silly lifecycle reactjs@1.0.0~preit: no script for preit, continuing
7 info lifecycle reactjs@1.0.0~it: reactjs@1.0.0
8 verbose lifecycle reactjs@1.0.0~it: unsafe-perm in lifecycle true
9 verbose lifecycle reactjs@1.0.0~it: PATH: C:\Program Files\nodejs\node_modules\npm\bin\node-gyp-bin;F:\wikimast\node_modules\.bin;C:\Program Files\Java\jdk1.8.0\bin;F:\openCVInstaller\opencv\build\bin;F:\openCVInstaller\MinGW\bin;F:\openCVInstaller\MinGW\libexec\gcc\x86_64-w64-mingw32\4.9.2;C:\Users\User\gcc\bin;C:\Users\User\gcc\libexec\gcc\x86_64-pc-mingw32\4.9.2;C:\Users\User\AppData\Local\Android\sdk\platform-tools;C:\ProgramData\Oracle\Java\javapath;C:\Windows\system32;C:\Windows;C:\Windows\System32\Wbem;C:\Windows\System32\WindowsPowerShell\v1.0\;C:\Program Files (x86)\Intel\OpenCL SDK\3.0\bin\x86;C:\Program Files (x86)\Intel\OpenCL SDK\3.0\bin\x64;C:\Program Files (x86)\Microsoft SQL Server\110\Tools\Binn\;C:\Program Files (x86)\Microsoft SQL Server\110\DTS\Binn\;C:\Program Files (x86)\Microsoft SQL Server\110\Tools\Binn\ManagementStudio\;C:\Users\User\Downloads\opencv\build\java\x86;C:\Users\User\Downloads\opencv\build\java\x64;F:\openCVInstaller\opencv\build\java\x64;C:\Program Files\Microsoft SQL Server\130\Tools\Binn\;C:\Windows\system32\config\systemprofile\.dnx\bin;C:\Program Files\Microsoft DNX\Dnvm\;C:\Program Files\Java\jdk1.8.0\bin;C:\Program Files\nodejs\;C:\Program Files\Git\cmd;C:\Program Files (x86)\Skype\Phone\;C:\xampp\php;C:\ProgramData\ComposerSetup\bin;C:\Program Files (x86)\Yarn\bin;C:\Program Files\MySQL\MySQL Server 5.7;C:\Users\User\AppData\Local\Programs\Python\Python35\Scripts\;C:\Users\User\AppData\Local\Programs\Python\Python35\;C:\Users\User\Anaconda3;C:\Users\User\Anaconda3\Scripts;C:\Users\User\Anaconda3\Library\bin;C:\Users\User\AppData\Local\Android\sdk\platform-tools;C:\Users\User\AppData\Local\.meteor\;C:\Users\User\AppData\Roaming\npm;C:\Program Files\Heroku\bin;C:\Users\User\AppData\Roaming\Composer\vendor\bin;C:\Users\User\AppData\Local\Yarn\bin;C:\Program Files\MySQL\MySQL Server 5.7\bin
10 verbose lifecycle reactjs@1.0.0~it: CWD: F:\wikimast
11 silly lifecycle reactjs@1.0.0~it: Args: [ '/d /s /c', 'webpack-dev-server --hot' ]
12 silly lifecycle reactjs@1.0.0~it: Returned: code: 3221225786  signal: null
13 info lifecycle reactjs@1.0.0~it: Failed to exec it script
14 verbose stack Error: reactjs@1.0.0 it: `webpack-dev-server --hot`
14 verbose stack Exit status 3221225786
14 verbose stack     at EventEmitter.<anonymous> (C:\Program Files\nodejs\node_modules\npm\lib\utils\lifecycle.js:255:16)
14 verbose stack     at emitTwo (events.js:106:13)
14 verbose stack     at EventEmitter.emit (events.js:191:7)
14 verbose stack     at ChildProcess.<anonymous> (C:\Program Files\nodejs\node_modules\npm\lib\utils\spawn.js:40:14)
14 verbose stack     at emitTwo (events.js:106:13)
14 verbose stack     at ChildProcess.emit (events.js:191:7)
14 verbose stack     at maybeClose (internal/child_process.js:886:16)
14 verbose stack     at Process.ChildProcess._handle.onexit (internal/child_process.js:226:5)
15 verbose pkgid reactjs@1.0.0
16 verbose cwd F:\wikimast
17 error Windows_NT 6.3.9600
18 error argv "C:\\Program Files\\nodejs\\node.exe" "C:\\Program Files\\nodejs\\node_modules\\npm\\bin\\npm-cli.js" "run" "it"
19 error node v6.10.2
20 error npm  v3.10.10
21 error code ELIFECYCLE
22 error reactjs@1.0.0 it: `webpack-dev-server --hot`
22 error Exit status 3221225786
23 error Failed at the reactjs@1.0.0 it script 'webpack-dev-server --hot'.
23 error Make sure you have the latest version of node.js and npm installed.
23 error If you do, this is most likely a problem with the reactjs package,
23 error not with npm itself.
23 error Tell the author that this fails on your system:
23 error     webpack-dev-server --hot
23 error You can get information on how to open an issue for this project with:
23 error     npm bugs reactjs
23 error Or if that isn't available, you can get their info via:
23 error     npm owner ls reactjs
23 error There is likely additional logging output above.
24 verbose exit [ 1, true ]
